/*C1*/SET SCHEMA SYSTEM_LOBS
INSERT INTO BLOCKS VALUES(0,2147483647,0)
COMMIT
/*C2*/SET SCHEMA PUBLIC
create table chat (id_chat integer not null, description_chat varchar(255), nom_chat varchar(255), personne_chat_id_personne integer, primary key (id_chat))
create table chat_commentaire_chat (chat_id_chat integer not null, commentaire_chat_id_commentaire integer not null)
create table commentaire (id_commentaire integer not null, date_commentaire date, chat_commentaire_id_chat integer, personne_commentaire_id_personne integer, primary key (id_commentaire))
create table personne (id_personne integer not null, password_personne varchar(255), pseudo_personne varchar(255), primary key (id_personne))
create table personne_chats_personne (personne_id_personne integer not null, chats_personne_id_chat integer not null)
alter table chat_commentaire_chat add constraint UK_3r0woim94not48ywm004buis2 unique (commentaire_chat_id_commentaire)
alter table personne_chats_personne add constraint UK_2hy8vbs8njersmn3iuu5rk7gs unique (chats_personne_id_chat)
create sequence hibernate_sequence start with 1 increment by 1
alter table chat add constraint FKm21vx7k5ba5bnu0s4msvhvaa6 foreign key (personne_chat_id_personne) references personne
alter table chat_commentaire_chat add constraint FK5ucgpiidgchm8l3s08qo6dabf foreign key (commentaire_chat_id_commentaire) references commentaire
alter table chat_commentaire_chat add constraint FKkpmgrp08cuvoficjrae1tr2mq foreign key (chat_id_chat) references chat
alter table commentaire add constraint FKl28i4gt35hu7g35icxtqkjbq0 foreign key (chat_commentaire_id_chat) references chat
alter table commentaire add constraint FKe42wyt84aydaex7qgwltbmdj1 foreign key (personne_commentaire_id_personne) references personne
alter table personne_chats_personne add constraint FK81o7b1u5elt0fhwha6qdpjx42 foreign key (chats_personne_id_chat) references chat
alter table personne_chats_personne add constraint FK8lmofgl88vsp2c63cxt3r6lyo foreign key (personne_id_personne) references personne
DISCONNECT
/*C3*/SET SCHEMA PUBLIC
DISCONNECT
/*C4*/SET SCHEMA PUBLIC
DISCONNECT
/*C5*/SET SCHEMA PUBLIC
DISCONNECT
/*C6*/SET SCHEMA PUBLIC
DISCONNECT
/*C7*/SET SCHEMA PUBLIC
DISCONNECT
/*C8*/SET SCHEMA PUBLIC
DISCONNECT
/*C9*/SET SCHEMA PUBLIC
DISCONNECT
/*C10*/SET SCHEMA PUBLIC
DISCONNECT
/*C11*/SET SCHEMA PUBLIC
DISCONNECT
